<?xml version="1.0" encoding="UTF-8"?>
<!-- Generated by org.testng.reporters.JUnitReportReporter -->
<testsuite hostname="HP-Laptop-22" failures="0" tests="2" name="LetCode.com.TestRunner" time="9.019" errors="0" timestamp="2024-12-12T18:21:57 IST" skipped="0">
  <testcase classname="LetCode.com.TestRunner" name="runScenario" time="0.697"/>
  <testcase classname="LetCode.com.TestRunner" name="runScenario" time="8.322"/>
</testsuite> <!-- LetCode.com.TestRunner -->
